<?xml version="1.0" encoding="UTF-8"?>
<testng-results ignored="0" total="1" passed="1" failed="0" skipped="0">
  <reporter-output>
  </reporter-output>
  <suite started-at="2025-02-01T11:11:29 IST" name="Master Suite" finished-at="2025-02-01T11:11:39 IST" duration-ms="9318">
    <groups>
      <group name="Master">
        <method signature="TC002_LoginTest.verify_login()[pri:0, instance:TestCases.TC002_LoginTest@4f0100a7]" name="verify_login" class="TestCases.TC002_LoginTest"/>
      </group> <!-- Master -->
      <group name="Sanity">
        <method signature="TC002_LoginTest.verify_login()[pri:0, instance:TestCases.TC002_LoginTest@4f0100a7]" name="verify_login" class="TestCases.TC002_LoginTest"/>
      </group> <!-- Sanity -->
    </groups>
    <test started-at="2025-02-01T11:11:29 IST" name="Test" finished-at="2025-02-01T11:11:39 IST" duration-ms="9318">
      <class name="TestCases.TC002_LoginTest">
        <test-method is-config="true" signature="setup(java.lang.String,java.lang.String)[pri:0, instance:TestCases.TC002_LoginTest@4f0100a7]" started-at="2025-02-01T11:11:30 IST" name="setup" finished-at="2025-02-01T11:11:37 IST" duration-ms="7153" status="PASS">
          <params>
            <param index="0">
              <value>
                <![CDATA[Windows]]>
              </value>
            </param>
            <param index="1">
              <value>
                <![CDATA[chrome]]>
              </value>
            </param>
          </params>
          <reporter-output>
          </reporter-output>
        </test-method> <!-- setup -->
        <test-method signature="verify_login()[pri:0, instance:TestCases.TC002_LoginTest@4f0100a7]" started-at="2025-02-01T11:11:37 IST" name="verify_login" finished-at="2025-02-01T11:11:38 IST" duration-ms="1483" status="PASS">
          <reporter-output>
          </reporter-output>
        </test-method> <!-- verify_login -->
        <test-method is-config="true" signature="tearDown()[pri:0, instance:TestCases.TC002_LoginTest@4f0100a7]" started-at="2025-02-01T11:11:38 IST" name="tearDown" finished-at="2025-02-01T11:11:39 IST" duration-ms="333" status="PASS">
          <reporter-output>
          </reporter-output>
        </test-method> <!-- tearDown -->
      </class> <!-- TestCases.TC002_LoginTest -->
    </test> <!-- Test -->
  </suite> <!-- Master Suite -->
</testng-results>
